SF:lib/constants/validators.dart
DA:2,2
DA:3,2
DA:9,2
DA:10,2
LF:4
LH:4
end_of_record
SF:lib/api/app_url.dart
DA:3,6
DA:4,9
DA:5,9
LF:3
LH:3
end_of_record
SF:lib/pages/auth/controller/auth_controller.dart
DA:11,3
DA:18,1
DA:19,1
DA:20,1
DA:23,1
DA:24,1
DA:25,1
DA:28,1
DA:31,7
DA:32,2
DA:33,3
DA:35,0
LF:12
LH:11
end_of_record
SF:lib/pages/auth/model/login_model.dart
DA:7,1
DA:14,1
DA:20,1
DA:21,1
DA:22,1
DA:23,1
DA:24,1
DA:28,2
DA:29,2
DA:30,4
DA:31,2
DA:32,2
DA:34,2
DA:35,1
DA:36,2
DA:37,1
DA:38,1
DA:46,1
DA:51,1
DA:55,1
DA:56,1
DA:57,1
DA:61,1
DA:62,1
DA:63,1
DA:65,2
DA:66,1
DA:67,1
LF:28
LH:28
end_of_record
SF:lib/api/exception_handle.dart
DA:5,3
DA:6,3
DA:7,3
DA:8,4
DA:9,2
DA:10,2
DA:12,2
LF:7
LH:7
end_of_record
SF:lib/api/api_services.dart
DA:6,3
DA:8,3
DA:11,12
DA:12,4
LF:4
LH:4
end_of_record
SF:lib/main.dart
DA:8,0
DA:9,0
DA:11,0
DA:16,8
DA:19,1
DA:21,1
DA:23,1
DA:24,1
DA:27,1
LF:9
LH:6
end_of_record
SF:lib/pages/auth/view/login_page.dart
DA:9,2
DA:10,2
DA:12,8
DA:13,2
DA:14,2
DA:17,2
DA:19,2
DA:20,2
DA:21,2
DA:23,2
DA:24,2
DA:25,2
DA:26,4
DA:27,0
DA:28,2
DA:33,2
DA:34,2
DA:35,4
DA:36,0
DA:38,2
DA:43,2
DA:44,2
DA:45,1
DA:46,3
DA:47,0
DA:48,0
DA:49,0
DA:51,0
LF:28
LH:22
end_of_record
SF:lib/pages/home/view/home_page.dart
DA:8,1
DA:9,1
DA:11,1
DA:12,1
DA:16,1
DA:17,2
DA:18,1
DA:19,1
DA:20,0
DA:21,1
DA:22,2
DA:24,2
DA:25,1
DA:26,3
DA:27,0
DA:28,2
DA:29,1
DA:30,3
DA:35,0
DA:36,0
DA:37,0
DA:38,0
DA:39,0
DA:40,0
DA:47,0
DA:48,0
DA:50,0
DA:51,0
DA:52,0
LF:29
LH:16
end_of_record
SF:lib/pages/home/controller/home_controller.dart
DA:11,2
DA:15,1
DA:17,1
DA:18,0
DA:34,2
DA:36,4
DA:37,8
DA:38,8
DA:39,4
DA:40,1
DA:41,2
DA:48,4
LF:12
LH:11
end_of_record
SF:lib/pages/home/model/home_model.dart
DA:14,2
DA:28,1
DA:41,1
DA:42,1
DA:43,1
DA:44,1
DA:45,1
DA:46,1
DA:47,1
DA:48,1
DA:49,1
DA:50,1
DA:51,1
DA:52,1
DA:56,2
DA:57,2
DA:58,2
DA:59,2
DA:60,2
DA:61,2
DA:62,2
DA:63,2
DA:64,2
DA:65,2
DA:66,2
DA:67,2
DA:69,2
DA:70,1
DA:71,1
DA:72,1
DA:73,1
DA:74,1
DA:75,1
DA:76,1
DA:77,1
DA:78,1
DA:79,1
DA:80,1
LF:38
LH:38
end_of_record
